<?xml version="1.0" encoding="UTF-8"?>
<!-- Generated by org.testng.reporters.JUnitReportReporter -->
<testsuite hostname="EN-AliM" failures="0" tests="1" name="scripts.VerifyProductVersion" time="26.301" errors="0" timestamp="08 Apr 2018 06:11:29 GMT" skipped="0">
  <testcase classname="scripts.VerifyProductVersion" name="actiTimeProductVersion" time="26.301"/>
</testsuite> <!-- scripts.VerifyProductVersion -->
