<?xml version="1.0" encoding="UTF-8"?>
<!-- Generated by org.testng.reporters.JUnitReportReporter -->
<testsuite hostname="EN-AliM" failures="0" tests="1" name="scripts.TestValidLogin" time="10.083" errors="0" timestamp="08 Apr 2018 06:11:29 GMT" skipped="0">
  <testcase classname="scripts.TestValidLogin" name="testValidLogin" time="10.083"/>
</testsuite> <!-- scripts.TestValidLogin -->
