<?xml version="1.0" encoding="UTF-8"?>
<!-- Generated by org.testng.reporters.JUnitReportReporter -->
<testsuite hostname="EN-AliM" failures="0" tests="1" name="scripts.TestInvalidLogin" time="69.668" errors="0" timestamp="07 Apr 2018 05:00:51 GMT" skipped="0">
  <testcase classname="scripts.TestInvalidLogin" name="testInvalidLogin" time="69.668"/>
</testsuite> <!-- scripts.TestInvalidLogin -->
