<?xml version="1.0" encoding="UTF-8"?>
<!-- Generated by org.testng.reporters.JUnitReportReporter -->
<testsuite hostname="EN-AliM" failures="0" tests="1" name="scripts.VerifyProductVersion" time="30.013" errors="0" timestamp="07 Apr 2018 09:44:06 GMT" skipped="0">
  <testcase classname="scripts.VerifyProductVersion" name="actiTimeProductVersion" time="30.013"/>
</testsuite> <!-- scripts.VerifyProductVersion -->
